<?xml version="1.0" encoding="UTF-8"?>
<testng-results ignored="0" total="2" passed="2" failed="0" skipped="0">
  <reporter-output>
  </reporter-output>
  <suite started-at="2025-06-04T16:28:25 IST" name="Default suite" finished-at="2025-06-04T16:28:25 IST" duration-ms="63">
    <groups>
    </groups>
    <test started-at="2025-06-04T16:28:25 IST" name="Default test" finished-at="2025-06-04T16:28:25 IST" duration-ms="63">
      <class name="Execution.GitDemo1">
        <test-method signature="getDataGit()[pri:0, instance:Execution.GitDemo1@515aebb0]" started-at="2025-06-04T16:28:25 IST" name="getDataGit" finished-at="2025-06-04T16:28:25 IST" duration-ms="12" status="PASS">
          <reporter-output>
          </reporter-output>
        </test-method> <!-- getDataGit -->
        <test-method signature="getPrintData()[pri:0, instance:Execution.GitDemo1@515aebb0]" started-at="2025-06-04T16:28:25 IST" name="getPrintData" finished-at="2025-06-04T16:28:25 IST" duration-ms="5" status="PASS">
          <reporter-output>
          </reporter-output>
        </test-method> <!-- getPrintData -->
      </class> <!-- Execution.GitDemo1 -->
    </test> <!-- Default test -->
  </suite> <!-- Default suite -->
</testng-results>
