<?xml version="1.0" encoding="UTF-8"?>
<testng-results ignored="0" total="2" passed="2" failed="0" skipped="0">
  <reporter-output>
  </reporter-output>
  <suite started-at="2025-06-09T11:32:17 IST" name="Default suite" finished-at="2025-06-09T11:32:17 IST" duration-ms="73">
    <groups>
    </groups>
    <test started-at="2025-06-09T11:32:17 IST" name="Default test" finished-at="2025-06-09T11:32:17 IST" duration-ms="73">
      <class name="Execution.GitDevelopDemo2">
        <test-method signature="MobileTesting()[pri:0, instance:Execution.GitDevelopDemo2@3a93b025]" started-at="2025-06-09T11:32:17 IST" name="MobileTesting" finished-at="2025-06-09T11:32:17 IST" duration-ms="14" status="PASS">
          <reporter-output>
          </reporter-output>
        </test-method> <!-- MobileTesting -->
        <test-method signature="RestAssured()[pri:0, instance:Execution.GitDevelopDemo2@3a93b025]" started-at="2025-06-09T11:32:17 IST" name="RestAssured" finished-at="2025-06-09T11:32:17 IST" duration-ms="2" status="PASS">
          <reporter-output>
          </reporter-output>
        </test-method> <!-- RestAssured -->
      </class> <!-- Execution.GitDevelopDemo2 -->
    </test> <!-- Default test -->
  </suite> <!-- Default suite -->
</testng-results>
